[INFO  - 2019-01-29T05:06:46.503Z] GhostDriver - Main - running on port 65267
[INFO  - 2019-01-29T05:06:50.548Z] Session [af9b0190-2383-11e9-90e7-15d5670700e5] - page.settings - {"XSSAuditingEnabled":false,"javascriptCanCloseWindows":true,"javascriptCanOpenWindows":true,"javascriptEnabled":true,"loadImages":true,"localToRemoteUrlAccessEnabled":false,"userAgent":"Mozilla/5.0 (Windows NT 6.2; WOW64) AppleWebKit/538.1 (KHTML, like Gecko) PhantomJS/2.1.1 Safari/538.1","webSecurityEnabled":true}
[INFO  - 2019-01-29T05:06:50.548Z] Session [af9b0190-2383-11e9-90e7-15d5670700e5] - page.customHeaders:  - {}
[INFO  - 2019-01-29T05:06:50.549Z] Session [af9b0190-2383-11e9-90e7-15d5670700e5] - Session.negotiatedCapabilities - {"browserName":"phantomjs","version":"2.1.1","driverName":"ghostdriver","driverVersion":"1.2.0","platform":"windows-10-32bit","javascriptEnabled":true,"takesScreenshot":true,"handlesAlerts":false,"databaseEnabled":false,"locationContextEnabled":false,"applicationCacheEnabled":false,"browserConnectionEnabled":false,"cssSelectorsEnabled":true,"webStorageEnabled":false,"rotatable":false,"acceptSslCerts":false,"nativeEvents":true,"proxy":{"proxyType":"direct"}}
[INFO  - 2019-01-29T05:06:50.549Z] SessionManagerReqHand - _postNewSessionCommand - New Session Created: af9b0190-2383-11e9-90e7-15d5670700e5
[ERROR - 2019-01-29T05:06:54.690Z] Session [af9b0190-2383-11e9-90e7-15d5670700e5] - page.onError - msg: ReferenceError: Can't find variable: c

  phantomjs://platform/console++.js:263 in error
[ERROR - 2019-01-29T05:06:54.691Z] Session [af9b0190-2383-11e9-90e7-15d5670700e5] - page.onError - stack:
  sendLog (https://ss1.bdstatic.com/5eN1bjq8AAUYm2zgoY3K/r/www/cache/static/protocol/https/plugins/every_cookie_4644b13.js:4)
  (anonymous function) (https://ss1.bdstatic.com/5eN1bjq8AAUYm2zgoY3K/r/www/cache/static/protocol/https/plugins/every_cookie_4644b13.js:5)

  phantomjs://platform/console++.js:263 in error
[ERROR - 2019-01-29T05:06:58.007Z] Session [af9b0190-2383-11e9-90e7-15d5670700e5] - page.onError - msg: TypeError: undefined is not a constructor (evaluating 'jQuery1102018603576673194766_1548738414634')

  phantomjs://platform/console++.js:263 in error
[ERROR - 2019-01-29T05:06:58.007Z] Session [af9b0190-2383-11e9-90e7-15d5670700e5] - page.onError - stack:
  global code (https://sp0.baidu.com/5a1Fazu8AA54nxGko9WTAnF6hhy/su?wd=pyt&json=1&p=3&sid=1444_21117_28328_20719&csor=3&pwd=py&cb=jQuery1102018603576673194766_1548738414634&_=1548738414638:1)

  phantomjs://platform/console++.js:263 in error
[ERROR - 2019-01-29T05:06:58.008Z] Session [af9b0190-2383-11e9-90e7-15d5670700e5] - page.onError - msg: TypeError: undefined is not a constructor (evaluating 'jQuery1102018603576673194766_1548738414634')

  phantomjs://platform/console++.js:263 in error
[ERROR - 2019-01-29T05:06:58.008Z] Session [af9b0190-2383-11e9-90e7-15d5670700e5] - page.onError - stack:
  global code (https://sp0.baidu.com/5a1Fazu8AA54nxGko9WTAnF6hhy/su?wd=pyth&json=1&p=3&sid=1444_21117_28328_20719&csor=4&pwd=pyt&cb=jQuery1102018603576673194766_1548738414634&_=1548738414639:1)

  phantomjs://platform/console++.js:263 in error
[ERROR - 2019-01-29T05:06:58.010Z] Session [af9b0190-2383-11e9-90e7-15d5670700e5] - page.onError - msg: TypeError: undefined is not a constructor (evaluating 'jQuery1102018603576673194766_1548738414634')

  phantomjs://platform/console++.js:263 in error
[ERROR - 2019-01-29T05:06:58.010Z] Session [af9b0190-2383-11e9-90e7-15d5670700e5] - page.onError - stack:
  global code (https://sp0.baidu.com/5a1Fazu8AA54nxGko9WTAnF6hhy/su?wd=py&json=1&p=3&sid=1444_21117_28328_20719&csor=2&pwd=p&cb=jQuery1102018603576673194766_1548738414634&_=1548738414637:1)

  phantomjs://platform/console++.js:263 in error
[ERROR - 2019-01-29T05:06:58.011Z] Session [af9b0190-2383-11e9-90e7-15d5670700e5] - page.onError - msg: TypeError: undefined is not a constructor (evaluating 'jQuery1102018603576673194766_1548738414634')

  phantomjs://platform/console++.js:263 in error
[ERROR - 2019-01-29T05:06:58.011Z] Session [af9b0190-2383-11e9-90e7-15d5670700e5] - page.onError - stack:
  global code (https://sp0.baidu.com/5a1Fazu8AA54nxGko9WTAnF6hhy/su?wd=p&json=1&p=3&sid=1444_21117_28328_20719&csor=1&cb=jQuery1102018603576673194766_1548738414634&_=1548738414636:1)

  phantomjs://platform/console++.js:263 in error
[ERROR - 2019-01-29T05:06:58.103Z] Session [af9b0190-2383-11e9-90e7-15d5670700e5] - page.onError - msg: TypeError: undefined is not a constructor (evaluating 'jQuery1102018603576673194766_1548738414634')

  phantomjs://platform/console++.js:263 in error
[ERROR - 2019-01-29T05:06:58.103Z] Session [af9b0190-2383-11e9-90e7-15d5670700e5] - page.onError - stack:
  global code (https://sp0.baidu.com/5a1Fazu8AA54nxGko9WTAnF6hhy/su?wd=pytho&json=1&p=3&sid=1444_21117_28328_20719&csor=5&pwd=pyth&cb=jQuery1102018603576673194766_1548738414634&_=1548738414640:1)

  phantomjs://platform/console++.js:263 in error
[ERROR - 2019-01-29T05:06:58.336Z] Session [af9b0190-2383-11e9-90e7-15d5670700e5] - page.onError - msg: TypeError: undefined is not a constructor (evaluating 'jQuery1102018603576673194766_1548738414634')

  phantomjs://platform/console++.js:263 in error
[ERROR - 2019-01-29T05:06:58.336Z] Session [af9b0190-2383-11e9-90e7-15d5670700e5] - page.onError - stack:
  global code (https://sp0.baidu.com/5a1Fazu8AA54nxGko9WTAnF6hhy/su?wd=python&json=1&p=3&sid=1444_21117_28328_20719&csor=6&pwd=pytho&cb=jQuery1102018603576673194766_1548738414634&_=1548738414641:1)

  phantomjs://platform/console++.js:263 in error
